2022-07-25 17:13:34,375 INFO o.a.j.u.JMeterUtils: Setting Locale to en_EN
2022-07-25 17:13:34,390 INFO o.a.j.JMeter: Loading user properties from: user.properties
2022-07-25 17:13:34,391 INFO o.a.j.JMeter: Loading system properties from: system.properties
2022-07-25 17:13:34,394 INFO o.a.j.JMeter: Copyright (c) 1998-2022 The Apache Software Foundation
2022-07-25 17:13:34,394 INFO o.a.j.JMeter: Version 5.5
2022-07-25 17:13:34,394 INFO o.a.j.JMeter: java.version=11.0.2
2022-07-25 17:13:34,394 INFO o.a.j.JMeter: java.vm.name=OpenJDK 64-Bit Server VM
2022-07-25 17:13:34,394 INFO o.a.j.JMeter: os.name=Windows 10
2022-07-25 17:13:34,395 INFO o.a.j.JMeter: os.arch=amd64
2022-07-25 17:13:34,395 INFO o.a.j.JMeter: os.version=10.0
2022-07-25 17:13:34,395 INFO o.a.j.JMeter: file.encoding=Cp1252
2022-07-25 17:13:34,395 INFO o.a.j.JMeter: java.awt.headless=null
2022-07-25 17:13:34,395 INFO o.a.j.JMeter: Max memory     =1073741824
2022-07-25 17:13:34,395 INFO o.a.j.JMeter: Available Processors =12
2022-07-25 17:13:34,399 INFO o.a.j.JMeter: Default Locale=English (EN)
2022-07-25 17:13:34,400 INFO o.a.j.JMeter: JMeter  Locale=English (EN)
2022-07-25 17:13:34,400 INFO o.a.j.JMeter: JMeterHome=C:\Users\Yuxin_Huang\apache-jmeter-5.5
2022-07-25 17:13:34,400 INFO o.a.j.JMeter: user.dir  =C:\Users\Yuxin_Huang\apache-jmeter-5.5\bin
2022-07-25 17:13:34,400 INFO o.a.j.JMeter: PWD       =C:\Users\Yuxin_Huang\apache-jmeter-5.5\bin
2022-07-25 17:13:34,401 INFO o.a.j.JMeter: IP: 10.134.19.210 Name: W106C6ZLL3 FullName: W106C6ZLL3.aus.amer.dell.com
2022-07-25 17:13:34,413 INFO o.a.j.JMeter: Loaded icon properties from org/apache/jmeter/images/icon.properties
2022-07-25 17:13:34,567 INFO o.a.j.JMeterGuiLauncher: Setting LAF to: com.github.weisj.darklaf.DarkLaf:com.github.weisj.darklaf.theme.DarculaTheme
2022-07-25 17:13:36,594 INFO o.j.r.JARSourceHTTP: Found cached repo
2022-07-25 17:13:36,678 INFO o.j.r.PluginManager: Plugins Status: [jpgc-graphs-basic=2.0, jpgc-casutg=2.10, jpgc-dummy=0.4, jpgc-plugins-manager=1.7, jpgc-tst=2.5, jmeter-core=5.5, jmeter-ftp=5.5, jmeter-http=5.5, jmeter-jdbc=5.5, jmeter-jms=5.5, jmeter-junit=5.5, jmeter-java=5.5, jmeter-ldap=5.5, jmeter-mail=5.5, jmeter-mongodb=5.5, jmeter-native=5.5, jmeter-tcp=5.5, jmeter-components=5.5]
2022-07-25 17:14:12,712 INFO o.a.j.s.SaveService: Testplan (JMX) version: 2.2. Testlog (JTL) version: 2.2
2022-07-25 17:14:12,718 INFO o.a.j.s.SaveService: Using SaveService properties version 5.0
2022-07-25 17:14:12,718 INFO o.a.j.s.SaveService: Using SaveService properties file encoding UTF-8
2022-07-25 17:14:12,721 INFO o.a.j.s.SampleResult: Note: Sample TimeStamps are START times
2022-07-25 17:14:12,721 INFO o.a.j.s.SampleResult: sampleresult.default.encoding is set to ISO-8859-1
2022-07-25 17:14:12,721 INFO o.a.j.s.SampleResult: sampleresult.useNanoTime=true
2022-07-25 17:14:12,721 INFO o.a.j.s.SampleResult: sampleresult.nanoThreadSleep=5000
2022-07-25 17:14:12,723 INFO o.a.j.s.SampleEvent: List of sample_variables: []
2022-07-25 17:26:30,558 INFO k.a.c.GraphPanelChart: Saving CSV to C:\Users\Yuxin_Huang\apache-jmeter-5.5\data\test-results\test-7\active threads over time.csv
